<?xml version="1.0" encoding="UTF-8"?>
<testsuite name="OurHashMapTest" tests="1" skipped="0" failures="0" errors="0" timestamp="2021-11-25T20:35:59" hostname="Ninas-MBP" time="0.021">
  <properties/>
  <testcase name="putAll()" classname="OurHashMapTest" time="0.021"/>
  <system-out><![CDATA[]]></system-out>
  <system-err><![CDATA[]]></system-err>
</testsuite>
