<?xml version="1.0" encoding="UTF-8"?>
<testsuite name="OurHashMapTest" tests="1" skipped="0" failures="0" errors="0" timestamp="2021-11-18T20:12:42" hostname="Ninas-MBP" time="0.015">
  <properties/>
  <testcase name="values()" classname="OurHashMapTest" time="0.015"/>
  <system-out><![CDATA[]]></system-out>
  <system-err><![CDATA[]]></system-err>
</testsuite>
